\BOOKMARK [1][-]{section.1}{Introduction}{}% 1
\BOOKMARK [1][-]{section.2}{Assignment Setup}{}% 2
\BOOKMARK [2][-]{subsection.2.1}{RTC Circuit}{section.2}% 3
\BOOKMARK [2][-]{subsection.2.2}{I2C Discovery and Testing}{section.2}% 4
\BOOKMARK [1][-]{section.3}{C++ Code}{}% 5
\BOOKMARK [2][-]{subsection.3.1}{Reading Time and Date}{section.3}% 6
\BOOKMARK [2][-]{subsection.3.2}{Reading Temperature}{section.3}% 7
\BOOKMARK [2][-]{subsection.3.3}{Setting Time and Date}{section.3}% 8
\BOOKMARK [2][-]{subsection.3.4}{Setting Alarms and Interrupts}{section.3}% 9
\BOOKMARK [2][-]{subsection.3.5}{Square Wave Generator}{section.3}% 10
\BOOKMARK [2][-]{subsection.3.6}{Novel Functionality}{section.3}% 11
\BOOKMARK [1][-]{section.4}{Testing}{}% 12
\BOOKMARK [2][-]{subsubsection.4.0.1}{Test 1: Read Time and Date}{section.4}% 13
\BOOKMARK [3][-]{subsubsection.4.0.2}{Test 2: Write Time}{subsubsection.4.0.1}% 14
\BOOKMARK [3][-]{subsubsection.4.0.3}{Test 3: Write Date}{subsubsection.4.0.1}% 15
\BOOKMARK [3][-]{subsubsection.4.0.4}{Test 4: Read Alarms}{subsubsection.4.0.1}% 16
\BOOKMARK [3][-]{subsubsection.4.0.5}{Test 5: Write Alarms}{subsubsection.4.0.1}% 17
\BOOKMARK [3][-]{subsubsection.4.0.6}{Test 6: Set Interrupt}{subsubsection.4.0.1}% 18
\BOOKMARK [3][-]{subsubsection.4.0.7}{Test 7: Square Wave Generator}{subsubsection.4.0.1}% 19
\BOOKMARK [3][-]{subsubsection.4.0.8}{Test 8: Read Temperature}{subsubsection.4.0.1}% 20
\BOOKMARK [3][-]{subsubsection.4.0.9}{Test 9: Novel Function}{subsubsection.4.0.1}% 21
\BOOKMARK [1][-]{section.5}{Linux Kernel Module}{}% 22
\BOOKMARK [1][-]{section.6}{Conclusion}{}% 23
\BOOKMARK [1][-]{appendix.A}{Appendix}{}% 24
\BOOKMARK [2][-]{subsection.A.1}{DS3231.c - Provided}{appendix.A}% 25
\BOOKMARK [2][-]{subsection.A.2}{I2CDevice.h}{appendix.A}% 26
\BOOKMARK [2][-]{subsection.A.3}{I2CDevice.cpp}{appendix.A}% 27
\BOOKMARK [2][-]{subsection.A.4}{DS3231.h}{appendix.A}% 28
\BOOKMARK [2][-]{subsection.A.5}{DS3231.cpp}{appendix.A}% 29
\BOOKMARK [2][-]{subsection.A.6}{main.cpp - Novel Function Test}{appendix.A}% 30
\BOOKMARK [2][-]{subsection.A.7}{test.cpp - Test Program}{appendix.A}% 31
\BOOKMARK [2][-]{subsection.A.8}{System Service Script}{appendix.A}% 32
